<?xml version="1.0" encoding="UTF-8"?>
<!-- Generated by org.testng.reporters.JUnitReportReporter -->
<testsuite hostname="DESKTOP-1DVJES5" failures="0" tests="1" name="Actionsection10.testngdemo" time="0.011" errors="0" timestamp="2022-04-28T17:56:10 IST" skipped="0">
  <testcase classname="Actionsection10.testngdemo" name="loan" time="0.011"/>
  <system-out/>
</testsuite> <!-- Actionsection10.testngdemo -->
