<?xml version="1.0" encoding="UTF-8"?>
<!-- Generated by org.testng.reporters.JUnitReportReporter -->
<testsuite hostname="DESKTOP-1DVJES5" failures="0" tests="1" name="JavaStream.StreamFilter" time="0.014" errors="0" timestamp="2022-04-27T19:23:56 IST" skipped="0">
  <testcase classname="JavaStream.StreamFilter" name="Streamcollect" time="0.014"/>
  <system-out/>
</testsuite> <!-- JavaStream.StreamFilter -->
